c:\users\kouki\desktop\block - コピー (3)\dx12\obj\x64\release\vc142.pdb
c:\users\kouki\desktop\block - コピー (3)\dx12\obj\x64\release\collidercomponent.obj
c:\users\kouki\desktop\block - コピー (3)\dx12\obj\x64\release\capsulecomponent.obj
c:\users\kouki\desktop\block - コピー (3)\dx12\obj\x64\release\cameracomponent.obj
c:\users\kouki\desktop\block - コピー (3)\dx12\obj\x64\release\boxinputscript.obj
c:\users\kouki\desktop\block - コピー (3)\dx12\obj\x64\release\boxcomponent.obj
c:\users\kouki\desktop\block - コピー (3)\dx12\obj\x64\release\actor.obj
c:\users\kouki\desktop\block - コピー (3)\dx12\obj\x64\release\rand.obj
c:\users\kouki\desktop\block - コピー (3)\dx12\obj\x64\release\matrix.obj
c:\users\kouki\desktop\block - コピー (3)\dx12\obj\x64\release\dinput.obj
c:\users\kouki\desktop\block - コピー (3)\dx12\obj\x64\release\texture.obj
c:\users\kouki\desktop\block - コピー (3)\dx12\obj\x64\release\pointline.obj
c:\users\kouki\desktop\block - コピー (3)\dx12\obj\x64\release\pmdmodel.obj
c:\users\kouki\desktop\block - コピー (3)\dx12\obj\x64\release\objmodel.obj
c:\users\kouki\desktop\block - コピー (3)\dx12\obj\x64\release\meshcreate.obj
c:\users\kouki\desktop\block - コピー (3)\dx12\obj\x64\release\mesh.obj
c:\users\kouki\desktop\block - コピー (3)\dx12\obj\x64\release\field.obj
c:\users\kouki\desktop\block - コピー (3)\dx12\obj\x64\release\baseclass.obj
c:\users\kouki\desktop\block - コピー (3)\dx12\obj\x64\release\effect.obj
c:\users\kouki\desktop\block - コピー (3)\dx12\obj\x64\release\dx12system.obj
c:\users\kouki\desktop\block - コピー (3)\dx12\obj\x64\release\camera.obj
c:\users\kouki\desktop\block - コピー (3)\dx12\obj\x64\release\scenestate.obj
c:\users\kouki\desktop\block - コピー (3)\dx12\obj\x64\release\scene.obj
c:\users\kouki\desktop\block - コピー (3)\dx12\obj\x64\release\rigidbodycomponent.obj
c:\users\kouki\desktop\block - コピー (3)\dx12\obj\x64\release\game.obj
c:\users\kouki\desktop\block - コピー (3)\dx12\obj\x64\release\component.obj
c:\users\kouki\desktop\block - コピー (3)\dx12\obj\x64\release\objectcomponent.obj
c:\users\kouki\desktop\block - コピー (3)\dx12\obj\x64\release\movecomponent.obj
c:\users\kouki\desktop\block - コピー (3)\dx12\obj\x64\release\modelcomponent.obj
c:\users\kouki\desktop\block - コピー (3)\dx12\obj\x64\release\playerinputcomponent.obj
c:\users\kouki\desktop\block - コピー (3)\dx12\obj\x64\release\effectcomponent.obj
c:\users\kouki\desktop\block - コピー (3)\dx12\obj\x64\release\collidercalculation.obj
c:\users\kouki\desktop\block - コピー (3)\dx12\obj\x64\release\pointlinecomponent.obj
c:\users\kouki\desktop\block - コピー (3)\dx12\obj\x64\release\objectcreatestruct.obj
c:\users\kouki\desktop\block - コピー (3)\dx12\obj\x64\release\objectcreate.obj
c:\users\kouki\desktop\block - コピー (3)\dx12\obj\x64\release\gamemanager.obj
c:\users\kouki\desktop\block - コピー (3)\dx12\obj\x64\release\modelmeshcomponent.obj
c:\users\kouki\desktop\block - コピー (3)\dx12\obj\x64\release\imagecomponent.obj
c:\users\kouki\desktop\block - コピー (3)\dx12\obj\x64\release\haneilstate.obj
c:\users\kouki\desktop\block - コピー (3)\dx12\obj\x64\release\empty.obj
c:\users\kouki\desktop\block - コピー (3)\dx12\obj\x64\release\cylindercomponent.obj
c:\users\kouki\desktop\block - コピー (3)\dx12\obj\x64\release\winmain.obj
c:\users\kouki\desktop\block - コピー (3)\dx12\obj\x64\release\vector2.obj
c:\users\kouki\desktop\block - コピー (3)\dx12\obj\x64\release\vector.obj
c:\users\kouki\desktop\block - コピー (3)\dx12\obj\x64\release\dsound.obj
c:\users\kouki\desktop\block - コピー (3)\dx12\obj\x64\release\cwavefile.obj
c:\users\kouki\desktop\block - コピー (3)\dx12\obj\x64\release\csoundmanager.obj
c:\users\kouki\desktop\block - コピー (3)\dx12\obj\x64\release\statecomponent.obj
c:\users\kouki\desktop\block - コピー (3)\dx12\obj\x64\release\spherecomponent.obj
c:\users\kouki\desktop\block - コピー (3)\dx12\bin\x64\release\fieldpixelshader.cso
c:\users\kouki\desktop\block - コピー (3)\dx12\bin\x64\release\fieldvertexshader.cso
c:\users\kouki\desktop\block - コピー (3)\dx12\bin\x64\release\meshpixelshader.cso
c:\users\kouki\desktop\block - コピー (3)\dx12\bin\x64\release\meshvertexshader.cso
c:\users\kouki\desktop\block - コピー (3)\dx12\bin\x64\release\objpixelshader.cso
c:\users\kouki\desktop\block - コピー (3)\dx12\bin\x64\release\objvertexshader.cso
c:\users\kouki\desktop\block - コピー (3)\dx12\bin\x64\release\pmdpixelshader.cso
c:\users\kouki\desktop\block - コピー (3)\dx12\bin\x64\release\pmdvertexshader.cso
c:\users\kouki\desktop\block - コピー (3)\dx12\bin\x64\release\linegeometryshader.cso
c:\users\kouki\desktop\block - コピー (3)\dx12\bin\x64\release\linevertexshader.cso
c:\users\kouki\desktop\block - コピー (3)\dx12\bin\x64\release\pointlinepixelshader.cso
c:\users\kouki\desktop\block - コピー (3)\dx12\bin\x64\release\pointvertexshader.cso
c:\users\kouki\desktop\block - コピー (3)\dx12\bin\x64\release\texturepixelshader.cso
c:\users\kouki\desktop\block - コピー (3)\dx12\bin\x64\release\texturevertexshader.cso
c:\users\kouki\desktop\block - コピー (3)\dx12\bin\x64\release\uipixelshader.cso
c:\users\kouki\desktop\block - コピー (3)\dx12\bin\x64\release\uivertexshader.cso
c:\users\kouki\desktop\block - コピー (3)\dx12\bin\x64\release\dx12.exe
c:\users\kouki\desktop\block - コピー (3)\dx12\obj\x64\release\dx12.tlog\cl.command.1.tlog
c:\users\kouki\desktop\block - コピー (3)\dx12\obj\x64\release\dx12.tlog\cl.read.1.tlog
c:\users\kouki\desktop\block - コピー (3)\dx12\obj\x64\release\dx12.tlog\cl.write.1.tlog
c:\users\kouki\desktop\block - コピー (3)\dx12\obj\x64\release\dx12.tlog\fxc.command.1.tlog
c:\users\kouki\desktop\block - コピー (3)\dx12\obj\x64\release\dx12.tlog\fxc.read.1.tlog
c:\users\kouki\desktop\block - コピー (3)\dx12\obj\x64\release\dx12.tlog\fxc.write.1.tlog
c:\users\kouki\desktop\block - コピー (3)\dx12\obj\x64\release\dx12.tlog\link.command.1.tlog
c:\users\kouki\desktop\block - コピー (3)\dx12\obj\x64\release\dx12.tlog\link.read.1.tlog
c:\users\kouki\desktop\block - コピー (3)\dx12\obj\x64\release\dx12.tlog\link.write.1.tlog
